C51 COMPILER V9.60.7.0   MAIN                                                              09/10/2024 12:09:46 PAGE 1   


C51 COMPILER V9.60.7.0, COMPILATION OF MODULE MAIN
OBJECT MODULE PLACED IN .\Objects\main.obj
COMPILER INVOKED BY: C:\Keil_v5\C51\BIN\C51.EXE main.c OPTIMIZE(8,SPEED) BROWSE DEBUG OBJECTEXTEND PRINT(.\Listings\main
                    -.lst) TABS(2) OBJECT(.\Objects\main.obj)

line level    source

   1          #include <reg51.h>
   2          
   3          #include "24C02.h"
   4          #include "I2C.h"
   5          #include "lcd.h"
   6          #include <stdio.h>
   7          
   8          //typedef unsigned int uchar;
   9          //typedef unsigned int iint;
  10          typedef unsigned long ulong;
  11          
  12          
  13          void lcd_write_ulong(unsigned long num) {
  14   1        unsigned int i;
  15   1        char buffer[12];                                            // Buffer for storing the string representati
             -on of the number
  16   1          sprintf(buffer, "%lu", num);                             // Convert ka, number to a string
  17   1      
  18   1          for ( i = 0; buffer[i] != '\0'; i++) {
  19   2              lcd_char(buffer[i]);                             // Write each character to the LCD
  20   2          }
  21   1      }
  22          
  23          // Main function
  24          void main()
  25            
  26          { 
  27   1        ulong TotalWriteCycles;
  28   1        ulong WriteCyclesPerYear;
  29   1        ulong WriteCyclesPerDay; 
  30   1        ulong TimeBetweenWrites_ms;
  31   1        
  32   1        unsigned char RxByte = 0;
  33   1        unsigned char TxArray[4];
  34   1        unsigned char RxArray[4];
  35   1      
  36   1        ulong counter = 0;
  37   1        unsigned char i;
  38   1      
  39   1        unsigned int readValue = 0;
  40   1        lcd_init();
  41   1      
  42   1        // Initialize LCD
  43   1        INITI2C();
  44   1      
  45   1        // Initialize i2c pins
  46   1              
  47   1          lcd_clear();
  48   1          lcd_set_cursor(0,0);
  49   1          lcd_string("Counter EEPROM:");
  50   1        
  51   1           TotalWriteCycles = 1000000UL;                                 // Total write cycles
  52   1           WriteCyclesPerYear = TotalWriteCycles / 10;                    // Write cycles per year
  53   1           WriteCyclesPerDay = WriteCyclesPerYear / 365;                  // Write cycles per day
C51 COMPILER V9.60.7.0   MAIN                                                              09/10/2024 12:09:46 PAGE 2   

  54   1           TimeBetweenWrites_ms = 24 * 60 * 60 * 1000 / WriteCyclesPerDay;  // Time between writes in millisecon
             -ds  
  55   1                         
  56   1      
  57   1      
  58   1      while (1)
  59   1          {
  60   2      
  61   2          for (i = 0; i < 4; i++) {                               // Break the counter into 4 bytes
  62   3      
  63   3            TxArray[i] = (counter >> (8 * (3 - i))) & 0xFF;
  64   3          }
  65   2      
  66   2           Write_Page_To_24C02_EEPROM(0x0020, TxArray, 4);              // Write the 4-byte counter value to the EEP
             -ROM at address 0x0020   
  67   2           Read_Bytes_From_24C02_EEPROM(0x0020, RxArray, 4);            // Read the counter value from the EEPROM at
             - address 0x0020 (4 bytes)
  68   2           
  69   2          counter = 0;
  70   2          
  71   2      // dalta ma counter 0 ko zaka chi counter incremented value already RxArray ki store shawe, bia me 4byte c
             -ounter ki save ka chi display she
  72   2          
  73   2          for (i = 0; i < 4; i++) {                                       // Combine the bytes to form a 4-byte cou
             -nter
  74   3                      
  75   3            counter = (counter << 8) | RxArray[i];
  76   3          }
  77   2      
  78   2          // Display the counter value on the LCD
  79   2          lcd_set_cursor(1, 0);
  80   2          lcd_write_ulong(counter);
  81   2      
  82   2          counter++;
  83   2          delay_ms(1); // Delay for 10 years (last second)
  84   2          
  85   2          delay_ms(TimeBetweenWrites_ms); // Delay for 10 years (last second)
  86   2        }
  87   1      }
  88          
  89          
  90          
  91          
  92          
  93          
  94          
  95          
  96          
  97          
  98          
  99          //#include <reg51.h>
 100          //#include "LCD.h"
 101          //#include "24C02.h"
 102          //#include "I2C.h"
 103          //#include <stdio.h>
 104          
 105          
 106          //void main()
 107          //{
 108          // long TotalWriteCycle;
 109          // long WriteCyclePerYear;
 110          // long WriteCyclePerDay;
C51 COMPILER V9.60.7.0   MAIN                                                              09/10/2024 12:09:46 PAGE 3   

 111          // long TimeBetweenWrite_Ms;
 112          
 113          // unsigned char RxByte=0;
 114          // unsigned char TxArray[4];
 115          // unsigned char RxArray[4];
 116          //  
 117          // long  counter=0;
 118          //unsigned char i;
 119          
 120          
 121          //  INITI2C();
 122          
 123          //  lcd_init();
 124          //  
 125          //  lcd_clear();
 126          //  lcd_set_cursor(0,0);
 127          //  lcd_string("COUNTER EEPROM:");
 128          
 129          //  TotalWriteCycle=1000000UL;
 130          //  WriteCyclePerYear=TotalWriteCycle / 10;
 131          //  WriteCyclePerDay=WriteCyclePerYear /365;
 132          //  TimeBetweenWrite_Ms= 24 * 60 * 60* 1000 /WriteCyclePerDay ;
 133          //  
 134          //while(1)
 135          //{
 136          //  
 137          //  for(i=0; i<4; i++)
 138          //  {
 139          //    TxArray[i]=(counter>>(8*(3 - i))) & 0xFF;
 140          //  }
 141          //  write_page_to_24c02_eeprom(0x0020, TxArray, 4);
 142          //  read_bytes_from_24c02_eeprom(0x0020, RxArray, 4);
 143          ////  counter=0;
 144          //  
 145          //  for(i=0; i<4; i++)
 146          //  {
 147          //    counter=(counter << 8) | RxArray[i];
 148          //  }
 149          //  lcd_set_cursor(1,0);
 150          //    
 151          //  lcd_display_long(counter);
 152          //  counter++;
 153          //  delay_ms(10);
 154          ////  delay_ms(TimeBetweenWrite_Ms);
 155          //}
 156          
 157          //}
 158          
 159          


MODULE INFORMATION:   STATIC OVERLAYABLE
   CODE SIZE        =    336    ----
   CONSTANT SIZE    =     20    ----
   XDATA SIZE       =   ----    ----
   PDATA SIZE       =   ----    ----
   DATA SIZE        =   ----      34
   IDATA SIZE       =   ----    ----
   BIT SIZE         =   ----    ----
END OF MODULE INFORMATION.


C51 COMPILATION COMPLETE.  0 WARNING(S),  0 ERROR(S)
