C51 COMPILER V9.60.7.0   LCD                                                               09/25/2024 11:30:11 PAGE 1   


C51 COMPILER V9.60.7.0, COMPILATION OF MODULE LCD
OBJECT MODULE PLACED IN .\Objects\LCD.obj
COMPILER INVOKED BY: C:\Keil_v5\C51\BIN\C51.EXE LCD.c OPTIMIZE(8,SPEED) BROWSE DEBUG OBJECTEXTEND PRINT(.\Listings\LCD.l
                    -st) TABS(2) OBJECT(.\Objects\LCD.obj)

line level    source

   1          #include <reg51.h>
   2          #include "LCD.h"
   3          #include <string.h>
   4          
   5          #define lcd_data P0
   6          sbit RW=P2^5;
   7          sbit RS=P2^6;
   8          sbit EN=P2^7;
   9          
  10          void lcd_init()
  11          {
  12   1        lcd_command(0x38);
  13   1        lcd_command(0x0C);
  14   1        lcd_command(0x01);
  15   1        lcd_command(0x80);
  16   1      }
  17          
  18          void lcd_command(unsigned char cmd)
  19          {
  20   1        lcd_data=cmd;
  21   1        RW=0;
  22   1        RS=0;
  23   1        EN=1;
  24   1        delay(10);
  25   1        EN=0;
  26   1        delay(10);
  27   1      }
  28          
  29          void lcd_char(unsigned char dat)
  30          {
  31   1        lcd_data=dat;
  32   1        RW=0;
  33   1        RS=1;
  34   1        EN=1;
  35   1        delay(10);
  36   1        EN=0;
  37   1        delay(10);
  38   1      }
  39          
  40          void lcd_string(unsigned char *str)
  41          {
  42   1        int i;
  43   1        for(i=0; str[i]!=0; i++)
  44   1        {
  45   2          lcd_char(str[i]);
  46   2        }
  47   1        
  48   1      }
  49          
  50          void lcd_set_cursor(unsigned char row, unsigned char col)
  51          {
  52   1        unsigned char position;
  53   1        if(row==0)
  54   1        {
C51 COMPILER V9.60.7.0   LCD                                                               09/25/2024 11:30:11 PAGE 2   

  55   2          position=0x80+col;
  56   2        }
  57   1        else
  58   1        {
  59   2          position=0xC0+col;
  60   2        }
  61   1        lcd_command(position);
  62   1      }
  63          
  64          void delay (unsigned int time)
  65          {
  66   1        unsigned int i,j;
  67   1        for(i=0; i<time; i++)
  68   1        for(j=0; j<112; j++);
  69   1        
  70   1      }


MODULE INFORMATION:   STATIC OVERLAYABLE
   CODE SIZE        =    157    ----
   CONSTANT SIZE    =   ----    ----
   XDATA SIZE       =   ----    ----
   PDATA SIZE       =   ----    ----
   DATA SIZE        =   ----       6
   IDATA SIZE       =   ----    ----
   BIT SIZE         =   ----    ----
END OF MODULE INFORMATION.


C51 COMPILATION COMPLETE.  0 WARNING(S),  0 ERROR(S)
